<?xml version="1.0" encoding="UTF-8"?>
<testng-results skipped="0" failed="0" ignored="0" total="1" passed="1">
  <reporter-output>
  </reporter-output>
  <suite name="AllTestsSuite" duration-ms="10728" started-at="2020-04-21T12:50:00 IST" finished-at="2020-04-21T12:50:10 IST">
    <groups>
    </groups>
    <test name="My First Selenium TestNG Test" duration-ms="10728" started-at="2020-04-21T12:50:00 IST" finished-at="2020-04-21T12:50:10 IST">
      <class name="test1.GoogleHomePageTest">
        <test-method status="PASS" signature="testSetUp()[pri:0, instance:test1.GoogleHomePageTest@5d5eef3d]" name="testSetUp" is-config="true" duration-ms="4457" started-at="2020-04-21T12:50:00 IST" finished-at="2020-04-21T12:50:04 IST">
          <reporter-output>
          </reporter-output>
        </test-method> <!-- testSetUp -->
        <test-method status="PASS" signature="verifyGooglePageTittle()[pri:0, instance:test1.GoogleHomePageTest@5d5eef3d]" name="verifyGooglePageTittle" duration-ms="5646" started-at="2020-04-21T12:50:04 IST" finished-at="2020-04-21T12:50:10 IST">
          <reporter-output>
          </reporter-output>
        </test-method> <!-- verifyGooglePageTittle -->
        <test-method status="PASS" signature="tearDown()[pri:0, instance:test1.GoogleHomePageTest@5d5eef3d]" name="tearDown" is-config="true" duration-ms="575" started-at="2020-04-21T12:50:10 IST" finished-at="2020-04-21T12:50:10 IST">
          <reporter-output>
          </reporter-output>
        </test-method> <!-- tearDown -->
      </class> <!-- test1.GoogleHomePageTest -->
    </test> <!-- My First Selenium TestNG Test -->
  </suite> <!-- AllTestsSuite -->
</testng-results>
