<?xml version="1.0" encoding="UTF-8"?>
<testng-results ignored="0" total="1" passed="1" failed="0" skipped="0">
  <reporter-output>
  </reporter-output>
  <suite started-at="2020-04-19T22:12:37 IST" name="AllTestsSuite" finished-at="2020-04-19T22:12:45 IST" duration-ms="8587">
    <groups>
    </groups>
    <test started-at="2020-04-19T22:12:37 IST" name="My First Selenium TestNG Test" finished-at="2020-04-19T22:12:45 IST" duration-ms="8587">
      <class name="test1.GoogleHomePageTest">
        <test-method is-config="true" signature="testSetUp()[pri:0, instance:test1.GoogleHomePageTest@2abf4075]" started-at="2020-04-19T22:12:37 IST" name="testSetUp" finished-at="2020-04-19T22:12:41 IST" duration-ms="3952" status="PASS">
          <reporter-output>
          </reporter-output>
        </test-method> <!-- testSetUp -->
        <test-method signature="verifyGooglePageTittle()[pri:0, instance:test1.GoogleHomePageTest@2abf4075]" started-at="2020-04-19T22:12:41 IST" name="verifyGooglePageTittle" finished-at="2020-04-19T22:12:45 IST" duration-ms="3892" status="PASS">
          <reporter-output>
          </reporter-output>
        </test-method> <!-- verifyGooglePageTittle -->
        <test-method is-config="true" signature="tearDown()[pri:0, instance:test1.GoogleHomePageTest@2abf4075]" started-at="2020-04-19T22:12:45 IST" name="tearDown" finished-at="2020-04-19T22:12:45 IST" duration-ms="693" status="PASS">
          <reporter-output>
          </reporter-output>
        </test-method> <!-- tearDown -->
      </class> <!-- test1.GoogleHomePageTest -->
    </test> <!-- My First Selenium TestNG Test -->
  </suite> <!-- AllTestsSuite -->
</testng-results>
